{"name": "test_Fund_Transfer_Edit_013", "status": "failed", "statusDetails": {"message": "AssertionError: assert False", "trace": "self = <TestCases.Test_Fund_Transfer_Edit.Test_Fund_Transfer_Edit_Class object at 0x0000028C1B057E30>\nsetup = <selenium.webdriver.chrome.webdriver.WebDriver (session=\"f99437e57fd2df6820950e7b6ff127a1\")>\n\n    def test_Fund_Transfer_Edit_013(self,setup):\n        self.log.info(\"test_Fund_Transfer_Edit_013 is started\")\n        self.driver = setup\n        self.log.info(\"opening the browser\")\n        self.si = User_Signin_Class(self.driver)\n        self.log.info(\"Clicking on the login option\")\n        self.si.ClickOn_Login_Option()\n        self.log.info(\"Entering the Username-->\"+self.Username)\n        self.si.Enter_Username(self.Username)\n        self.log.info(\"Entering the password-->\"+self.Password)\n        self.si.Enter_Password(self.Password)\n        self.log.info(\"Clicking on the login button\")\n        self.si.CLickOn_LogIn_Button()\n        self.fte =Fund_transfer_Edit_page(self.driver)\n        self.log.info(\"CLicking on the fund transfer mgmt link\")\n        self.fte.ClickOn_Fund_Tranfer_Mgmt_link()\n        self.log.info(\"Entering the transfer id -->\"+self.Tranferid)\n        self.fte.Enter_TranferID(self.Tranferid)\n        self.log.info(\"Clicking on the search transfer button\")\n        self.fte.ClickOn_Search_Transfer_Button()\n        self.log.info(\"Entering the Amount -->\" + self.Amount)\n        self.fte.Enter_Amnt(self.Amount)\n        self.log.info(\"Entering the Description -->\" + self.Description)\n        self.fte.Enter_Descript(self.Description)\n        self.log.info(\"Clicking on the Update transfer button\")\n        self.fte.ClickOn_UpDate_Transfer_Button()\n        self.log.info(\"Validating the update transfer\")\n        if self.fte.Validate_Update_Transfer() ==\"Funds transfer updated successfully\":\n            self.log.info(\"test_Fund_Transfer_Edit_013 is pass\")\n            assert True\n        else:\n            self.log.info(\"test_Fund_Transfer_Edit_013 is fail\")\n            self.driver.save_screenshot(\".\\\\Screenshots\\\\test_Fund_Transfer_Edit_013_fail.png\")\n>           assert False\nE           assert False\n\nTestCases\\Test_Fund_Transfer_Edit.py:46: AssertionError"}, "attachments": [{"name": "log", "source": "217faec2-7754-4505-b4aa-f7bfeb5eb283-attachment.txt", "type": "text/plain"}, {"name": "stdout", "source": "71edd034-242a-48d9-8750-9593abc3ace2-attachment.txt", "type": "text/plain"}], "start": 1723337901170, "stop": 1723337908204, "uuid": "3dd2766c-eea5-4fbb-83d5-0f9fb160e59f", "historyId": "67b7277d1cbb5fdda1a48d01148643a3", "testCaseId": "67b7277d1cbb5fdda1a48d01148643a3", "fullName": "TestCases.Test_Fund_Transfer_Edit.Test_Fund_Transfer_Edit_Class#test_Fund_Transfer_Edit_013", "labels": [{"name": "parentSuite", "value": "TestCases"}, {"name": "suite", "value": "Test_Fund_Transfer_Edit"}, {"name": "subSuite", "value": "Test_Fund_Transfer_Edit_Class"}, {"name": "host", "value": "Namita"}, {"name": "thread", "value": "3632-MainThread"}, {"name": "framework", "value": "pytest"}, {"name": "language", "value": "cpython3"}, {"name": "package", "value": "TestCases.Test_Fund_Transfer_Edit"}]}