{"uid":"1c79f6d038890e57","name":"test_Account_Create_009[getDataForAccountCreate0]","fullName":"TestCases.Test_Acc_Create.Test_Account_Create_Class#test_Account_Create_009","historyId":"51f5059bc42c3905d4439e86f5d9cf21","time":{"start":1723337797247,"stop":1723337804390,"duration":7143},"status":"failed","statusMessage":"AssertionError: assert False","statusTrace":"self = <TestCases.Test_Acc_Create.Test_Account_Create_Class object at 0x0000028C18FDF3E0>\nsetup = <selenium.webdriver.chrome.webdriver.WebDriver (session=\"afae73db7cc77ab2066d0a882fa8545a\")>\ngetDataForAccountCreate = ('56', 'Current Account', '115000')\n\n    def test_Account_Create_009(self,setup,getDataForAccountCreate):\n        self.log.info(\"test_Account_Create_009 is started\")\n        self.driver = setup\n        self.log.info(\"opening the browser\")\n        self.si = User_Signin_Class(self.driver)\n        self.log.info(\"Clicking on the login option\")\n        self.si.ClickOn_Login_Option()\n        self.log.info(\"Entering the Username\")\n        self.si.Enter_Username(self.Username)\n        self.log.info(\"Entering the password\")\n        self.si.Enter_Password(self.Password)\n        self.log.info(\"Clicking on the login button\")\n        self.si.CLickOn_LogIn_Button()\n        self.acc =Account_Mgmt_Create_Page(self.driver)\n        self.log.info(\"Clicking on the account mgmt \")\n        self.acc.ClickOn_Acc_Mgmt()\n        self.log.info(\"Clicking on the Create account link\")\n        self.acc.ClickOn_Create_Acc_Link()\n        self.log.info(\"Entering the Customer id\")\n        self.acc.Enter_CustID(getDataForAccountCreate[0])\n        self.log.info(\"selecting  the Account type \")\n        self.acc.DropDown_Acc_Type(getDataForAccountCreate[1])\n        self.log.info(\"Entering the balance\")\n        self.acc.Enter_Balance(getDataForAccountCreate[2])\n        self.log.info(\"Clicking on the Create account button\")\n        self.acc.ClickOn_Create_Acc_Button()\n        self.log.info(\"Validating account has been created\")\n        if self.acc.Validate_Create_Acc() ==\"Account created successfully\":\n            self.log.info(\"test_Account_Create_009 is paseed\")\n            assert True\n        else:\n            self.driver.save_screenshot(\".\\\\Screenshots\\\\test_Account_Create_009_fail.png\")\n            self.log.info(\"test_Account_Create_009 is failed\")\n>           assert False\nE           assert False\n\nTestCases\\Test_Acc_Create.py:43: AssertionError","flaky":false,"newFailed":false,"newBroken":false,"newPassed":false,"retriesCount":0,"retriesStatusChange":false,"beforeStages":[{"name":"setup","time":{"start":1723337794792,"stop":1723337797244,"duration":2452},"status":"passed","steps":[],"attachments":[],"parameters":[],"shouldDisplayMessage":false,"attachmentsCount":0,"hasContent":false,"stepsCount":0,"attachmentStep":false},{"name":"getDataForAccountCreate","time":{"start":1723337797244,"stop":1723337797244,"duration":0},"status":"passed","steps":[],"attachments":[],"parameters":[],"shouldDisplayMessage":false,"attachmentsCount":0,"hasContent":false,"stepsCount":0,"attachmentStep":false}],"testStage":{"status":"failed","statusMessage":"AssertionError: assert False","statusTrace":"self = <TestCases.Test_Acc_Create.Test_Account_Create_Class object at 0x0000028C18FDF3E0>\nsetup = <selenium.webdriver.chrome.webdriver.WebDriver (session=\"afae73db7cc77ab2066d0a882fa8545a\")>\ngetDataForAccountCreate = ('56', 'Current Account', '115000')\n\n    def test_Account_Create_009(self,setup,getDataForAccountCreate):\n        self.log.info(\"test_Account_Create_009 is started\")\n        self.driver = setup\n        self.log.info(\"opening the browser\")\n        self.si = User_Signin_Class(self.driver)\n        self.log.info(\"Clicking on the login option\")\n        self.si.ClickOn_Login_Option()\n        self.log.info(\"Entering the Username\")\n        self.si.Enter_Username(self.Username)\n        self.log.info(\"Entering the password\")\n        self.si.Enter_Password(self.Password)\n        self.log.info(\"Clicking on the login button\")\n        self.si.CLickOn_LogIn_Button()\n        self.acc =Account_Mgmt_Create_Page(self.driver)\n        self.log.info(\"Clicking on the account mgmt \")\n        self.acc.ClickOn_Acc_Mgmt()\n        self.log.info(\"Clicking on the Create account link\")\n        self.acc.ClickOn_Create_Acc_Link()\n        self.log.info(\"Entering the Customer id\")\n        self.acc.Enter_CustID(getDataForAccountCreate[0])\n        self.log.info(\"selecting  the Account type \")\n        self.acc.DropDown_Acc_Type(getDataForAccountCreate[1])\n        self.log.info(\"Entering the balance\")\n        self.acc.Enter_Balance(getDataForAccountCreate[2])\n        self.log.info(\"Clicking on the Create account button\")\n        self.acc.ClickOn_Create_Acc_Button()\n        self.log.info(\"Validating account has been created\")\n        if self.acc.Validate_Create_Acc() ==\"Account created successfully\":\n            self.log.info(\"test_Account_Create_009 is paseed\")\n            assert True\n        else:\n            self.driver.save_screenshot(\".\\\\Screenshots\\\\test_Account_Create_009_fail.png\")\n            self.log.info(\"test_Account_Create_009 is failed\")\n>           assert False\nE           assert False\n\nTestCases\\Test_Acc_Create.py:43: AssertionError","steps":[],"attachments":[{"uid":"36600a7d2469849","name":"log","source":"36600a7d2469849.txt","type":"text/plain","size":1203},{"uid":"18f2770fd1d003b","name":"stdout","source":"18f2770fd1d003b.txt","type":"text/plain","size":26}],"parameters":[],"shouldDisplayMessage":true,"attachmentsCount":2,"hasContent":true,"stepsCount":0,"attachmentStep":false},"afterStages":[{"name":"setup::0","time":{"start":1723337804391,"stop":1723337806540,"duration":2149},"status":"passed","steps":[],"attachments":[],"parameters":[],"shouldDisplayMessage":false,"attachmentsCount":0,"hasContent":false,"stepsCount":0,"attachmentStep":false}],"labels":[{"name":"parentSuite","value":"TestCases"},{"name":"suite","value":"Test_Acc_Create"},{"name":"subSuite","value":"Test_Account_Create_Class"},{"name":"host","value":"Namita"},{"name":"thread","value":"3632-MainThread"},{"name":"framework","value":"pytest"},{"name":"language","value":"cpython3"},{"name":"package","value":"TestCases.Test_Acc_Create"},{"name":"resultFormat","value":"allure2"}],"parameters":[{"name":"getDataForAccountCreate","value":"('56', 'Current Account', '115000')"}],"links":[],"hidden":true,"retry":true,"extra":{"categories":[],"tags":[]},"source":"1c79f6d038890e57.json","parameterValues":["('56', 'Current Account', '115000')"]}