{"uid":"407eccce081576f4","name":"test_SignUp_002","fullName":"TestCases.Test_SignUp.Test_SignUp_Class#test_SignUp_002","historyId":"376c2acf6ae19b06a04b1085514988b6","time":{"start":1723337946158,"stop":1723337948228,"duration":2070},"status":"broken","statusMessage":"selenium.common.exceptions.ElementClickInterceptedException: Message: element click intercepted: Element <button type=\"submit\">...</button> is not clickable at point (503, 612). Other element would receive the click: <footer>...</footer>\n  (Session info: chrome=127.0.6533.100)\nStacktrace:\n\tGetHandleVerifier [0x00007FF78A8F9632+30946]\n\t(No symbol) [0x00007FF78A8AE3C9]\n\t(No symbol) [0x00007FF78A7A6FDA]\n\t(No symbol) [0x00007FF78A7FFEEE]\n\t(No symbol) [0x00007FF78A7FD962]\n\t(No symbol) [0x00007FF78A7FAE7B]\n\t(No symbol) [0x00007FF78A7FA095]\n\t(No symbol) [0x00007FF78A7EC271]\n\t(No symbol) [0x00007FF78A81CA6A]\n\t(No symbol) [0x00007FF78A7EBBB6]\n\t(No symbol) [0x00007FF78A81CC80]\n\t(No symbol) [0x00007FF78A83B041]\n\t(No symbol) [0x00007FF78A81C813]\n\t(No symbol) [0x00007FF78A7EA6E5]\n\t(No symbol) [0x00007FF78A7EB021]\n\tGetHandleVerifier [0x00007FF78AA2F83D+1301229]\n\tGetHandleVerifier [0x00007FF78AA3BDB7+1351783]\n\tGetHandleVerifier [0x00007FF78AA32A03+1313971]\n\tGetHandleVerifier [0x00007FF78A92DD06+245686]\n\t(No symbol) [0x00007FF78A8B758F]\n\t(No symbol) [0x00007FF78A8B3804]\n\t(No symbol) [0x00007FF78A8B3992]\n\t(No symbol) [0x00007FF78A8AA3EF]\n\tBaseThreadInitThunk [0x00007FFB6C43257D+29]\n\tRtlUserThreadStart [0x00007FFB6DA0AF28+40]","statusTrace":"self = <TestCases.Test_SignUp.Test_SignUp_Class object at 0x0000028C1B3ED730>\nsetup = <selenium.webdriver.chrome.webdriver.WebDriver (session=\"f3dfb51db56d7aec1900157ee0532b1c\")>\n\n    @allure.feature('Signup')\n    @allure.story('Valid Signup')\n    @allure.severity(allure.severity_level.CRITICAL)\n    @allure.testcase('TESTCASE_002','TEST CASE LINK')\n    def test_SignUp_002(self,setup):\n        with allure.step('test_SignUp_002 is started'):\n            self.log.info(\"test_SignUp_002 is started\")\n            self.driver=setup\n            with allure.step('Opening browser'):\n                self.log.info(\"Opening the browser\")\n                self.su =SignUp_Page_Class(self.driver)\n            with allure.step('Clicking on signup Button'):\n                self.log.info(\"Clicking on SignUp button\")\n                self.su.Clickon_SignUp()\n            with allure.step('Entering the username'):\n                self.log.info(\"Entering the username--->\"+self.userName)\n                self.su.Enter_Username(self.userName)\n            with allure.step('Entering the password'):\n                self.log.info(\"Entering the password--->\"+self.userPassword)\n                self.su.Enter_Password(self.userPassword)\n            with allure.step('Entering the password'):\n                self.log.info(\"Enter the Email_id-->\"+self.userEmail)\n                self.su.Enter_Emailid(self.userEmail)\n            with allure.step('Entering the phone number'):\n                self.log.info(\"Enter the Phone_Number--->\"+self.userPhoneno)\n                self.su.Enter_Phoneno(self.userPhoneno)\n    \n            with allure.step('Clicking on Create user'):\n                self.log.info(\"Clicking On Create User\")\n>               self.su.CLickon_CreateUser()\n\nTestCases\\Test_SignUp.py:81: \n_ _ _ _ _ _ _ _ _ _ _ _ _ _ _ _ _ _ _ _ _ _ _ _ _ _ _ _ _ _ _ _ _ _ _ _ _ _ _ _\nPageObjects\\SignUp_page.py:43: in CLickon_CreateUser\n    self.driver.find_element(*SignUp_Page_Class.ClickOn_CreateUser_Xpath).click()\n..\\..\\..\\AppData\\Local\\Programs\\Python\\Python312\\Lib\\site-packages\\selenium\\webdriver\\remote\\webelement.py:94: in click\n    self._execute(Command.CLICK_ELEMENT)\n..\\..\\..\\AppData\\Local\\Programs\\Python\\Python312\\Lib\\site-packages\\selenium\\webdriver\\remote\\webelement.py:395: in _execute\n    return self._parent.execute(command, params)\n..\\..\\..\\AppData\\Local\\Programs\\Python\\Python312\\Lib\\site-packages\\selenium\\webdriver\\remote\\webdriver.py:354: in execute\n    self.error_handler.check_response(response)\n_ _ _ _ _ _ _ _ _ _ _ _ _ _ _ _ _ _ _ _ _ _ _ _ _ _ _ _ _ _ _ _ _ _ _ _ _ _ _ _\n\nself = <selenium.webdriver.remote.errorhandler.ErrorHandler object at 0x0000028C1B871640>\nresponse = {'status': 400, 'value': '{\"value\":{\"error\":\"element click intercepted\",\"message\":\"element click intercepted: Element ...07FF78A8AA3EF]\\\\n\\\\tBaseThreadInitThunk [0x00007FFB6C43257D+29]\\\\n\\\\tRtlUserThreadStart [0x00007FFB6DA0AF28+40]\\\\n\"}}'}\n\n    def check_response(self, response: Dict[str, Any]) -> None:\n        \"\"\"Checks that a JSON response from the WebDriver does not have an\n        error.\n    \n        :Args:\n         - response - The JSON response from the WebDriver server as a dictionary\n           object.\n    \n        :Raises: If the response contains an error message.\n        \"\"\"\n        status = response.get(\"status\", None)\n        if not status or status == ErrorCode.SUCCESS:\n            return\n        value = None\n        message = response.get(\"message\", \"\")\n        screen: str = response.get(\"screen\", \"\")\n        stacktrace = None\n        if isinstance(status, int):\n            value_json = response.get(\"value\", None)\n            if value_json and isinstance(value_json, str):\n                import json\n    \n                try:\n                    value = json.loads(value_json)\n                    if len(value) == 1:\n                        value = value[\"value\"]\n                    status = value.get(\"error\", None)\n                    if not status:\n                        status = value.get(\"status\", ErrorCode.UNKNOWN_ERROR)\n                        message = value.get(\"value\") or value.get(\"message\")\n                        if not isinstance(message, str):\n                            value = message\n                            message = message.get(\"message\")\n                    else:\n                        message = value.get(\"message\", None)\n                except ValueError:\n                    pass\n    \n        exception_class: Type[WebDriverException]\n        e = ErrorCode()\n        error_codes = [item for item in dir(e) if not item.startswith(\"__\")]\n        for error_code in error_codes:\n            error_info = getattr(ErrorCode, error_code)\n            if isinstance(error_info, list) and status in error_info:\n                exception_class = getattr(ExceptionMapping, error_code, WebDriverException)\n                break\n        else:\n            exception_class = WebDriverException\n    \n        if not value:\n            value = response[\"value\"]\n        if isinstance(value, str):\n            raise exception_class(value)\n        if message == \"\" and \"message\" in value:\n            message = value[\"message\"]\n    \n        screen = None  # type: ignore[assignment]\n        if \"screen\" in value:\n            screen = value[\"screen\"]\n    \n        stacktrace = None\n        st_value = value.get(\"stackTrace\") or value.get(\"stacktrace\")\n        if st_value:\n            if isinstance(st_value, str):\n                stacktrace = st_value.split(\"\\n\")\n            else:\n                stacktrace = []\n                try:\n                    for frame in st_value:\n                        line = frame.get(\"lineNumber\", \"\")\n                        file = frame.get(\"fileName\", \"<anonymous>\")\n                        if line:\n                            file = f\"{file}:{line}\"\n                        meth = frame.get(\"methodName\", \"<anonymous>\")\n                        if \"className\" in frame:\n                            meth = f\"{frame['className']}.{meth}\"\n                        msg = \"    at %s (%s)\"\n                        msg = msg % (meth, file)\n                        stacktrace.append(msg)\n                except TypeError:\n                    pass\n        if exception_class == UnexpectedAlertPresentException:\n            alert_text = None\n            if \"data\" in value:\n                alert_text = value[\"data\"].get(\"text\")\n            elif \"alert\" in value:\n                alert_text = value[\"alert\"].get(\"text\")\n            raise exception_class(message, screen, stacktrace, alert_text)  # type: ignore[call-arg]  # mypy is not smart enough here\n>       raise exception_class(message, screen, stacktrace)\nE       selenium.common.exceptions.ElementClickInterceptedException: Message: element click intercepted: Element <button type=\"submit\">...</button> is not clickable at point (503, 612). Other element would receive the click: <footer>...</footer>\nE         (Session info: chrome=127.0.6533.100)\nE       Stacktrace:\nE       \tGetHandleVerifier [0x00007FF78A8F9632+30946]\nE       \t(No symbol) [0x00007FF78A8AE3C9]\nE       \t(No symbol) [0x00007FF78A7A6FDA]\nE       \t(No symbol) [0x00007FF78A7FFEEE]\nE       \t(No symbol) [0x00007FF78A7FD962]\nE       \t(No symbol) [0x00007FF78A7FAE7B]\nE       \t(No symbol) [0x00007FF78A7FA095]\nE       \t(No symbol) [0x00007FF78A7EC271]\nE       \t(No symbol) [0x00007FF78A81CA6A]\nE       \t(No symbol) [0x00007FF78A7EBBB6]\nE       \t(No symbol) [0x00007FF78A81CC80]\nE       \t(No symbol) [0x00007FF78A83B041]\nE       \t(No symbol) [0x00007FF78A81C813]\nE       \t(No symbol) [0x00007FF78A7EA6E5]\nE       \t(No symbol) [0x00007FF78A7EB021]\nE       \tGetHandleVerifier [0x00007FF78AA2F83D+1301229]\nE       \tGetHandleVerifier [0x00007FF78AA3BDB7+1351783]\nE       \tGetHandleVerifier [0x00007FF78AA32A03+1313971]\nE       \tGetHandleVerifier [0x00007FF78A92DD06+245686]\nE       \t(No symbol) [0x00007FF78A8B758F]\nE       \t(No symbol) [0x00007FF78A8B3804]\nE       \t(No symbol) [0x00007FF78A8B3992]\nE       \t(No symbol) [0x00007FF78A8AA3EF]\nE       \tBaseThreadInitThunk [0x00007FFB6C43257D+29]\nE       \tRtlUserThreadStart [0x00007FFB6DA0AF28+40]\n\n..\\..\\..\\AppData\\Local\\Programs\\Python\\Python312\\Lib\\site-packages\\selenium\\webdriver\\remote\\errorhandler.py:229: ElementClickInterceptedException","flaky":false,"newFailed":false,"newBroken":false,"newPassed":false,"retriesCount":0,"retriesStatusChange":false,"beforeStages":[{"name":"setup","time":{"start":1723337943209,"stop":1723337946157,"duration":2948},"status":"passed","steps":[],"attachments":[],"parameters":[],"shouldDisplayMessage":false,"attachmentsCount":0,"hasContent":false,"stepsCount":0,"attachmentStep":false}],"testStage":{"status":"broken","statusMessage":"selenium.common.exceptions.ElementClickInterceptedException: Message: element click intercepted: Element <button type=\"submit\">...</button> is not clickable at point (503, 612). Other element would receive the click: <footer>...</footer>\n  (Session info: chrome=127.0.6533.100)\nStacktrace:\n\tGetHandleVerifier [0x00007FF78A8F9632+30946]\n\t(No symbol) [0x00007FF78A8AE3C9]\n\t(No symbol) [0x00007FF78A7A6FDA]\n\t(No symbol) [0x00007FF78A7FFEEE]\n\t(No symbol) [0x00007FF78A7FD962]\n\t(No symbol) [0x00007FF78A7FAE7B]\n\t(No symbol) [0x00007FF78A7FA095]\n\t(No symbol) [0x00007FF78A7EC271]\n\t(No symbol) [0x00007FF78A81CA6A]\n\t(No symbol) [0x00007FF78A7EBBB6]\n\t(No symbol) [0x00007FF78A81CC80]\n\t(No symbol) [0x00007FF78A83B041]\n\t(No symbol) [0x00007FF78A81C813]\n\t(No symbol) [0x00007FF78A7EA6E5]\n\t(No symbol) [0x00007FF78A7EB021]\n\tGetHandleVerifier [0x00007FF78AA2F83D+1301229]\n\tGetHandleVerifier [0x00007FF78AA3BDB7+1351783]\n\tGetHandleVerifier [0x00007FF78AA32A03+1313971]\n\tGetHandleVerifier [0x00007FF78A92DD06+245686]\n\t(No symbol) [0x00007FF78A8B758F]\n\t(No symbol) [0x00007FF78A8B3804]\n\t(No symbol) [0x00007FF78A8B3992]\n\t(No symbol) [0x00007FF78A8AA3EF]\n\tBaseThreadInitThunk [0x00007FFB6C43257D+29]\n\tRtlUserThreadStart [0x00007FFB6DA0AF28+40]","statusTrace":"self = <TestCases.Test_SignUp.Test_SignUp_Class object at 0x0000028C1B3ED730>\nsetup = <selenium.webdriver.chrome.webdriver.WebDriver (session=\"f3dfb51db56d7aec1900157ee0532b1c\")>\n\n    @allure.feature('Signup')\n    @allure.story('Valid Signup')\n    @allure.severity(allure.severity_level.CRITICAL)\n    @allure.testcase('TESTCASE_002','TEST CASE LINK')\n    def test_SignUp_002(self,setup):\n        with allure.step('test_SignUp_002 is started'):\n            self.log.info(\"test_SignUp_002 is started\")\n            self.driver=setup\n            with allure.step('Opening browser'):\n                self.log.info(\"Opening the browser\")\n                self.su =SignUp_Page_Class(self.driver)\n            with allure.step('Clicking on signup Button'):\n                self.log.info(\"Clicking on SignUp button\")\n                self.su.Clickon_SignUp()\n            with allure.step('Entering the username'):\n                self.log.info(\"Entering the username--->\"+self.userName)\n                self.su.Enter_Username(self.userName)\n            with allure.step('Entering the password'):\n                self.log.info(\"Entering the password--->\"+self.userPassword)\n                self.su.Enter_Password(self.userPassword)\n            with allure.step('Entering the password'):\n                self.log.info(\"Enter the Email_id-->\"+self.userEmail)\n                self.su.Enter_Emailid(self.userEmail)\n            with allure.step('Entering the phone number'):\n                self.log.info(\"Enter the Phone_Number--->\"+self.userPhoneno)\n                self.su.Enter_Phoneno(self.userPhoneno)\n    \n            with allure.step('Clicking on Create user'):\n                self.log.info(\"Clicking On Create User\")\n>               self.su.CLickon_CreateUser()\n\nTestCases\\Test_SignUp.py:81: \n_ _ _ _ _ _ _ _ _ _ _ _ _ _ _ _ _ _ _ _ _ _ _ _ _ _ _ _ _ _ _ _ _ _ _ _ _ _ _ _\nPageObjects\\SignUp_page.py:43: in CLickon_CreateUser\n    self.driver.find_element(*SignUp_Page_Class.ClickOn_CreateUser_Xpath).click()\n..\\..\\..\\AppData\\Local\\Programs\\Python\\Python312\\Lib\\site-packages\\selenium\\webdriver\\remote\\webelement.py:94: in click\n    self._execute(Command.CLICK_ELEMENT)\n..\\..\\..\\AppData\\Local\\Programs\\Python\\Python312\\Lib\\site-packages\\selenium\\webdriver\\remote\\webelement.py:395: in _execute\n    return self._parent.execute(command, params)\n..\\..\\..\\AppData\\Local\\Programs\\Python\\Python312\\Lib\\site-packages\\selenium\\webdriver\\remote\\webdriver.py:354: in execute\n    self.error_handler.check_response(response)\n_ _ _ _ _ _ _ _ _ _ _ _ _ _ _ _ _ _ _ _ _ _ _ _ _ _ _ _ _ _ _ _ _ _ _ _ _ _ _ _\n\nself = <selenium.webdriver.remote.errorhandler.ErrorHandler object at 0x0000028C1B871640>\nresponse = {'status': 400, 'value': '{\"value\":{\"error\":\"element click intercepted\",\"message\":\"element click intercepted: Element ...07FF78A8AA3EF]\\\\n\\\\tBaseThreadInitThunk [0x00007FFB6C43257D+29]\\\\n\\\\tRtlUserThreadStart [0x00007FFB6DA0AF28+40]\\\\n\"}}'}\n\n    def check_response(self, response: Dict[str, Any]) -> None:\n        \"\"\"Checks that a JSON response from the WebDriver does not have an\n        error.\n    \n        :Args:\n         - response - The JSON response from the WebDriver server as a dictionary\n           object.\n    \n        :Raises: If the response contains an error message.\n        \"\"\"\n        status = response.get(\"status\", None)\n        if not status or status == ErrorCode.SUCCESS:\n            return\n        value = None\n        message = response.get(\"message\", \"\")\n        screen: str = response.get(\"screen\", \"\")\n        stacktrace = None\n        if isinstance(status, int):\n            value_json = response.get(\"value\", None)\n            if value_json and isinstance(value_json, str):\n                import json\n    \n                try:\n                    value = json.loads(value_json)\n                    if len(value) == 1:\n                        value = value[\"value\"]\n                    status = value.get(\"error\", None)\n                    if not status:\n                        status = value.get(\"status\", ErrorCode.UNKNOWN_ERROR)\n                        message = value.get(\"value\") or value.get(\"message\")\n                        if not isinstance(message, str):\n                            value = message\n                            message = message.get(\"message\")\n                    else:\n                        message = value.get(\"message\", None)\n                except ValueError:\n                    pass\n    \n        exception_class: Type[WebDriverException]\n        e = ErrorCode()\n        error_codes = [item for item in dir(e) if not item.startswith(\"__\")]\n        for error_code in error_codes:\n            error_info = getattr(ErrorCode, error_code)\n            if isinstance(error_info, list) and status in error_info:\n                exception_class = getattr(ExceptionMapping, error_code, WebDriverException)\n                break\n        else:\n            exception_class = WebDriverException\n    \n        if not value:\n            value = response[\"value\"]\n        if isinstance(value, str):\n            raise exception_class(value)\n        if message == \"\" and \"message\" in value:\n            message = value[\"message\"]\n    \n        screen = None  # type: ignore[assignment]\n        if \"screen\" in value:\n            screen = value[\"screen\"]\n    \n        stacktrace = None\n        st_value = value.get(\"stackTrace\") or value.get(\"stacktrace\")\n        if st_value:\n            if isinstance(st_value, str):\n                stacktrace = st_value.split(\"\\n\")\n            else:\n                stacktrace = []\n                try:\n                    for frame in st_value:\n                        line = frame.get(\"lineNumber\", \"\")\n                        file = frame.get(\"fileName\", \"<anonymous>\")\n                        if line:\n                            file = f\"{file}:{line}\"\n                        meth = frame.get(\"methodName\", \"<anonymous>\")\n                        if \"className\" in frame:\n                            meth = f\"{frame['className']}.{meth}\"\n                        msg = \"    at %s (%s)\"\n                        msg = msg % (meth, file)\n                        stacktrace.append(msg)\n                except TypeError:\n                    pass\n        if exception_class == UnexpectedAlertPresentException:\n            alert_text = None\n            if \"data\" in value:\n                alert_text = value[\"data\"].get(\"text\")\n            elif \"alert\" in value:\n                alert_text = value[\"alert\"].get(\"text\")\n            raise exception_class(message, screen, stacktrace, alert_text)  # type: ignore[call-arg]  # mypy is not smart enough here\n>       raise exception_class(message, screen, stacktrace)\nE       selenium.common.exceptions.ElementClickInterceptedException: Message: element click intercepted: Element <button type=\"submit\">...</button> is not clickable at point (503, 612). Other element would receive the click: <footer>...</footer>\nE         (Session info: chrome=127.0.6533.100)\nE       Stacktrace:\nE       \tGetHandleVerifier [0x00007FF78A8F9632+30946]\nE       \t(No symbol) [0x00007FF78A8AE3C9]\nE       \t(No symbol) [0x00007FF78A7A6FDA]\nE       \t(No symbol) [0x00007FF78A7FFEEE]\nE       \t(No symbol) [0x00007FF78A7FD962]\nE       \t(No symbol) [0x00007FF78A7FAE7B]\nE       \t(No symbol) [0x00007FF78A7FA095]\nE       \t(No symbol) [0x00007FF78A7EC271]\nE       \t(No symbol) [0x00007FF78A81CA6A]\nE       \t(No symbol) [0x00007FF78A7EBBB6]\nE       \t(No symbol) [0x00007FF78A81CC80]\nE       \t(No symbol) [0x00007FF78A83B041]\nE       \t(No symbol) [0x00007FF78A81C813]\nE       \t(No symbol) [0x00007FF78A7EA6E5]\nE       \t(No symbol) [0x00007FF78A7EB021]\nE       \tGetHandleVerifier [0x00007FF78AA2F83D+1301229]\nE       \tGetHandleVerifier [0x00007FF78AA3BDB7+1351783]\nE       \tGetHandleVerifier [0x00007FF78AA32A03+1313971]\nE       \tGetHandleVerifier [0x00007FF78A92DD06+245686]\nE       \t(No symbol) [0x00007FF78A8B758F]\nE       \t(No symbol) [0x00007FF78A8B3804]\nE       \t(No symbol) [0x00007FF78A8B3992]\nE       \t(No symbol) [0x00007FF78A8AA3EF]\nE       \tBaseThreadInitThunk [0x00007FFB6C43257D+29]\nE       \tRtlUserThreadStart [0x00007FFB6DA0AF28+40]\n\n..\\..\\..\\AppData\\Local\\Programs\\Python\\Python312\\Lib\\site-packages\\selenium\\webdriver\\remote\\errorhandler.py:229: ElementClickInterceptedException","steps":[{"name":"test_SignUp_002 is started","time":{"start":1723337946159,"stop":1723337948228,"duration":2069},"status":"broken","statusMessage":"selenium.common.exceptions.ElementClickInterceptedException: Message: element click intercepted: Element <button type=\"submit\">...</button> is not clickable at point (503, 612). Other element would receive the click: <footer>...</footer>\n  (Session info: chrome=127.0.6533.100)\nStacktrace:\n\tGetHandleVerifier [0x00007FF78A8F9632+30946]\n\t(No symbol) [0x00007FF78A8AE3C9]\n\t(No symbol) [0x00007FF78A7A6FDA]\n\t(No symbol) [0x00007FF78A7FFEEE]\n\t(No symbol) [0x00007FF78A7FD962]\n\t(No symbol) [0x00007FF78A7FAE7B]\n\t(No symbol) [0x00007FF78A7FA095]\n\t(No symbol) [0x00007FF78A7EC271]\n\t(No symbol) [0x00007FF78A81CA6A]\n\t(No symbol) [0x00007FF78A7EBBB6]\n\t(No symbol) [0x00007FF78A81CC80]\n\t(No symbol) [0x00007FF78A83B041]\n\t(No symbol) [0x00007FF78A81C813]\n\t(No symbol) [0x00007FF78A7EA6E5]\n\t(No symbol) [0x00007FF78A7EB021]\n\tGetHandleVerifier [0x00007FF78AA2F83D+1301229]\n\tGetHandleVerifier [0x00007FF78AA3BDB7+1351783]\n\tGetHandleVerifier [0x00007FF78AA32A03+1313971]\n\tGetHandleVerifier [0x00007FF78A92DD06+245686]\n\t(No symbol) [0x00007FF78A8B758F]\n\t(No symbol) [0x00007FF78A8B3804]\n\t(No symbol) [0x00007FF78A8B3992]\n\t(No symbol) [0x00007FF78A8AA3EF]\n\tBaseThreadInitThunk [0x00007FFB6C43257D+29]\n\tRtlUserThreadStart [0x00007FFB6DA0AF28+40]\n\n","statusTrace":"  File \"C:\\Users\\ASUS\\OneDrive\\framework\\BankApp\\TestCases\\Test_SignUp.py\", line 81, in test_SignUp_002\n    self.su.CLickon_CreateUser()\n  File \"C:\\Users\\ASUS\\OneDrive\\framework\\BankApp\\PageObjects\\SignUp_page.py\", line 43, in CLickon_CreateUser\n    self.driver.find_element(*SignUp_Page_Class.ClickOn_CreateUser_Xpath).click()\n  File \"C:\\Users\\ASUS\\AppData\\Local\\Programs\\Python\\Python312\\Lib\\site-packages\\selenium\\webdriver\\remote\\webelement.py\", line 94, in click\n    self._execute(Command.CLICK_ELEMENT)\n  File \"C:\\Users\\ASUS\\AppData\\Local\\Programs\\Python\\Python312\\Lib\\site-packages\\selenium\\webdriver\\remote\\webelement.py\", line 395, in _execute\n    return self._parent.execute(command, params)\n           ^^^^^^^^^^^^^^^^^^^^^^^^^^^^^^^^^^^^^\n  File \"C:\\Users\\ASUS\\AppData\\Local\\Programs\\Python\\Python312\\Lib\\site-packages\\selenium\\webdriver\\remote\\webdriver.py\", line 354, in execute\n    self.error_handler.check_response(response)\n  File \"C:\\Users\\ASUS\\AppData\\Local\\Programs\\Python\\Python312\\Lib\\site-packages\\selenium\\webdriver\\remote\\errorhandler.py\", line 229, in check_response\n    raise exception_class(message, screen, stacktrace)\n","steps":[{"name":"Opening browser","time":{"start":1723337946160,"stop":1723337946161,"duration":1},"status":"passed","steps":[],"attachments":[],"parameters":[],"shouldDisplayMessage":false,"attachmentsCount":0,"hasContent":false,"stepsCount":0,"attachmentStep":false},{"name":"Clicking on signup Button","time":{"start":1723337946161,"stop":1723337946422,"duration":261},"status":"passed","steps":[],"attachments":[],"parameters":[],"shouldDisplayMessage":false,"attachmentsCount":0,"hasContent":false,"stepsCount":0,"attachmentStep":false},{"name":"Entering the username","time":{"start":1723337946422,"stop":1723337946522,"duration":100},"status":"passed","steps":[],"attachments":[],"parameters":[],"shouldDisplayMessage":false,"attachmentsCount":0,"hasContent":false,"stepsCount":0,"attachmentStep":false},{"name":"Entering the password","time":{"start":1723337946522,"stop":1723337946600,"duration":78},"status":"passed","steps":[],"attachments":[],"parameters":[],"shouldDisplayMessage":false,"attachmentsCount":0,"hasContent":false,"stepsCount":0,"attachmentStep":false},{"name":"Entering the password","time":{"start":1723337946600,"stop":1723337946679,"duration":79},"status":"passed","steps":[],"attachments":[],"parameters":[],"shouldDisplayMessage":false,"attachmentsCount":0,"hasContent":false,"stepsCount":0,"attachmentStep":false},{"name":"Entering the phone number","time":{"start":1723337946679,"stop":1723337946907,"duration":228},"status":"passed","steps":[],"attachments":[],"parameters":[],"shouldDisplayMessage":false,"attachmentsCount":0,"hasContent":false,"stepsCount":0,"attachmentStep":false},{"name":"Clicking on Create user","time":{"start":1723337946907,"stop":1723337948228,"duration":1321},"status":"broken","statusMessage":"selenium.common.exceptions.ElementClickInterceptedException: Message: element click intercepted: Element <button type=\"submit\">...</button> is not clickable at point (503, 612). Other element would receive the click: <footer>...</footer>\n  (Session info: chrome=127.0.6533.100)\nStacktrace:\n\tGetHandleVerifier [0x00007FF78A8F9632+30946]\n\t(No symbol) [0x00007FF78A8AE3C9]\n\t(No symbol) [0x00007FF78A7A6FDA]\n\t(No symbol) [0x00007FF78A7FFEEE]\n\t(No symbol) [0x00007FF78A7FD962]\n\t(No symbol) [0x00007FF78A7FAE7B]\n\t(No symbol) [0x00007FF78A7FA095]\n\t(No symbol) [0x00007FF78A7EC271]\n\t(No symbol) [0x00007FF78A81CA6A]\n\t(No symbol) [0x00007FF78A7EBBB6]\n\t(No symbol) [0x00007FF78A81CC80]\n\t(No symbol) [0x00007FF78A83B041]\n\t(No symbol) [0x00007FF78A81C813]\n\t(No symbol) [0x00007FF78A7EA6E5]\n\t(No symbol) [0x00007FF78A7EB021]\n\tGetHandleVerifier [0x00007FF78AA2F83D+1301229]\n\tGetHandleVerifier [0x00007FF78AA3BDB7+1351783]\n\tGetHandleVerifier [0x00007FF78AA32A03+1313971]\n\tGetHandleVerifier [0x00007FF78A92DD06+245686]\n\t(No symbol) [0x00007FF78A8B758F]\n\t(No symbol) [0x00007FF78A8B3804]\n\t(No symbol) [0x00007FF78A8B3992]\n\t(No symbol) [0x00007FF78A8AA3EF]\n\tBaseThreadInitThunk [0x00007FFB6C43257D+29]\n\tRtlUserThreadStart [0x00007FFB6DA0AF28+40]\n\n","statusTrace":"  File \"C:\\Users\\ASUS\\OneDrive\\framework\\BankApp\\TestCases\\Test_SignUp.py\", line 81, in test_SignUp_002\n    self.su.CLickon_CreateUser()\n  File \"C:\\Users\\ASUS\\OneDrive\\framework\\BankApp\\PageObjects\\SignUp_page.py\", line 43, in CLickon_CreateUser\n    self.driver.find_element(*SignUp_Page_Class.ClickOn_CreateUser_Xpath).click()\n  File \"C:\\Users\\ASUS\\AppData\\Local\\Programs\\Python\\Python312\\Lib\\site-packages\\selenium\\webdriver\\remote\\webelement.py\", line 94, in click\n    self._execute(Command.CLICK_ELEMENT)\n  File \"C:\\Users\\ASUS\\AppData\\Local\\Programs\\Python\\Python312\\Lib\\site-packages\\selenium\\webdriver\\remote\\webelement.py\", line 395, in _execute\n    return self._parent.execute(command, params)\n           ^^^^^^^^^^^^^^^^^^^^^^^^^^^^^^^^^^^^^\n  File \"C:\\Users\\ASUS\\AppData\\Local\\Programs\\Python\\Python312\\Lib\\site-packages\\selenium\\webdriver\\remote\\webdriver.py\", line 354, in execute\n    self.error_handler.check_response(response)\n  File \"C:\\Users\\ASUS\\AppData\\Local\\Programs\\Python\\Python312\\Lib\\site-packages\\selenium\\webdriver\\remote\\errorhandler.py\", line 229, in check_response\n    raise exception_class(message, screen, stacktrace)\n","steps":[],"attachments":[],"parameters":[],"shouldDisplayMessage":true,"attachmentsCount":0,"hasContent":true,"stepsCount":0,"attachmentStep":false}],"attachments":[],"parameters":[],"shouldDisplayMessage":false,"attachmentsCount":0,"hasContent":true,"stepsCount":7,"attachmentStep":false}],"attachments":[{"uid":"a1a7fdb29caa9fba","name":"log","source":"a1a7fdb29caa9fba.txt","type":"text/plain","size":616},{"uid":"eafd278156153b75","name":"stdout","source":"eafd278156153b75.txt","type":"text/plain","size":26}],"parameters":[],"shouldDisplayMessage":true,"attachmentsCount":2,"hasContent":true,"stepsCount":8,"attachmentStep":false},"afterStages":[{"name":"setup::0","time":{"start":1723337948326,"stop":1723337952212,"duration":3886},"status":"passed","steps":[],"attachments":[],"parameters":[],"shouldDisplayMessage":false,"attachmentsCount":0,"hasContent":false,"stepsCount":0,"attachmentStep":false}],"labels":[{"name":"feature","value":"Signup"},{"name":"severity","value":"critical"},{"name":"story","value":"Valid Signup"},{"name":"parentSuite","value":"TestCases"},{"name":"suite","value":"Test_SignUp"},{"name":"subSuite","value":"Test_SignUp_Class"},{"name":"host","value":"Namita"},{"name":"thread","value":"3632-MainThread"},{"name":"framework","value":"pytest"},{"name":"language","value":"cpython3"},{"name":"package","value":"TestCases.Test_SignUp"},{"name":"resultFormat","value":"allure2"}],"parameters":[],"links":[{"name":"TEST CASE LINK","url":"TESTCASE_002","type":"tms"}],"hidden":true,"retry":true,"extra":{"categories":[],"tags":[]},"source":"407eccce081576f4.json","parameterValues":[]}