{"uid":"ebd6af2742c6c4f7","name":"test_User_logout_004","fullName":"TestCases.Test_User_Logout.Test_User_Logout_Class#test_User_logout_004","historyId":"45f1706004599c4df5bca0fb0f88ac41","time":{"start":1723337989576,"stop":1723337991865,"duration":2289},"status":"failed","statusMessage":"AssertionError: assert False","statusTrace":"self = <TestCases.Test_User_Logout.Test_User_Logout_Class object at 0x0000027EB77DC710>\nsetup = <selenium.webdriver.chrome.webdriver.WebDriver (session=\"178e30b26d4b98fae7f37424ae8a72eb\")>\n\n    def test_User_logout_004(self,setup):\n        self.log.info(\"test_SignOut_004 is started\")\n        self.driver = setup\n        self.log.info(\"Browser is opening\")\n        self.si = User_Signin_Class(self.driver)\n        self.log.info(\"Clicking on the Login\")\n        self.si.ClickOn_Login_Option()\n        self.log.info(\"Entering the username-->\" +self.Username)\n        self.si.Enter_Username(self.Username)\n        self.log.info(\"Entering the password-->\" + self.Password)\n        self.si.Enter_Password(self.Password)\n        self.log.info(\"Clicking on login\")\n        self.si.CLickOn_LogIn_Button()\n        self.log.info(\"Click on Logout\")\n        self.si.ClickOn_Logout()\n        self.log.info(\"Validating the User_Logout\")\n        if self.si.Validate_Logout() == \"SuccessfullyLogout\":\n            self.log.info(\"Test_user_logout004 is passed\")\n            assert True\n        else:\n            self.driver.save_screenshot(\".\\\\Screenshots\\\\Test_user_logout_003_fail.png\")\n            self.log.info(\"Test_user_logout004 is failed\")\n>           assert False\nE           assert False\n\nTestCases\\Test_User_Logout.py:32: AssertionError","flaky":false,"newFailed":false,"newBroken":false,"newPassed":false,"retriesCount":1,"retriesStatusChange":false,"beforeStages":[{"name":"setup","time":{"start":1723337985434,"stop":1723337989573,"duration":4139},"status":"passed","steps":[],"attachments":[],"parameters":[],"shouldDisplayMessage":false,"attachmentsCount":0,"hasContent":false,"stepsCount":0,"attachmentStep":false}],"testStage":{"status":"failed","statusMessage":"AssertionError: assert False","statusTrace":"self = <TestCases.Test_User_Logout.Test_User_Logout_Class object at 0x0000027EB77DC710>\nsetup = <selenium.webdriver.chrome.webdriver.WebDriver (session=\"178e30b26d4b98fae7f37424ae8a72eb\")>\n\n    def test_User_logout_004(self,setup):\n        self.log.info(\"test_SignOut_004 is started\")\n        self.driver = setup\n        self.log.info(\"Browser is opening\")\n        self.si = User_Signin_Class(self.driver)\n        self.log.info(\"Clicking on the Login\")\n        self.si.ClickOn_Login_Option()\n        self.log.info(\"Entering the username-->\" +self.Username)\n        self.si.Enter_Username(self.Username)\n        self.log.info(\"Entering the password-->\" + self.Password)\n        self.si.Enter_Password(self.Password)\n        self.log.info(\"Clicking on login\")\n        self.si.CLickOn_LogIn_Button()\n        self.log.info(\"Click on Logout\")\n        self.si.ClickOn_Logout()\n        self.log.info(\"Validating the User_Logout\")\n        if self.si.Validate_Logout() == \"SuccessfullyLogout\":\n            self.log.info(\"Test_user_logout004 is passed\")\n            assert True\n        else:\n            self.driver.save_screenshot(\".\\\\Screenshots\\\\Test_user_logout_003_fail.png\")\n            self.log.info(\"Test_user_logout004 is failed\")\n>           assert False\nE           assert False\n\nTestCases\\Test_User_Logout.py:32: AssertionError","steps":[],"attachments":[{"uid":"ac91197ab64b3ba3","name":"log","source":"ac91197ab64b3ba3.txt","type":"text/plain","size":808},{"uid":"dd2d2e96b19bebf8","name":"stdout","source":"dd2d2e96b19bebf8.txt","type":"text/plain","size":26}],"parameters":[],"shouldDisplayMessage":true,"attachmentsCount":2,"hasContent":true,"stepsCount":0,"attachmentStep":false},"afterStages":[{"name":"setup::0","time":{"start":1723337991874,"stop":1723337994076,"duration":2202},"status":"passed","steps":[],"attachments":[],"parameters":[],"shouldDisplayMessage":false,"attachmentsCount":0,"hasContent":false,"stepsCount":0,"attachmentStep":false}],"labels":[{"name":"parentSuite","value":"TestCases"},{"name":"suite","value":"Test_User_Logout"},{"name":"subSuite","value":"Test_User_Logout_Class"},{"name":"host","value":"Namita"},{"name":"thread","value":"10732-MainThread"},{"name":"framework","value":"pytest"},{"name":"language","value":"cpython3"},{"name":"package","value":"TestCases.Test_User_Logout"},{"name":"resultFormat","value":"allure2"}],"parameters":[],"links":[],"hidden":false,"retry":false,"extra":{"severity":"normal","retries":[{"uid":"614ff9a18fb087fc","status":"failed","statusDetails":"AssertionError: assert False","time":{"start":1723337973762,"stop":1723337977272,"duration":3510}}],"categories":[{"name":"Product defects","matchedStatuses":[],"flaky":false}],"tags":[]},"source":"ebd6af2742c6c4f7.json","parameterValues":[]}